Tue Aug 31 23:06:32 CEST 2010  [debug] AvalonLogChute initialized using file 'velocity.log'
Tue Aug 31 23:06:32 CEST 2010  [trace] *******************************************************************
Tue Aug 31 23:06:32 CEST 2010  [debug] Starting Apache Velocity v1.5 (compiled: 2007-02-22 08:52:29)
Tue Aug 31 23:06:32 CEST 2010  [trace] RuntimeInstance initializing.
Tue Aug 31 23:06:32 CEST 2010  [debug] Default Properties File: org/apache/velocity/runtime/defaults/velocity.properties
Tue Aug 31 23:06:32 CEST 2010  [debug] Trying to use logger class org.apache.velocity.runtime.log.AvalonLogChute
Tue Aug 31 23:06:32 CEST 2010  [debug] Using logger class org.apache.velocity.runtime.log.AvalonLogChute
Tue Aug 31 23:06:32 CEST 2010  [debug] Default ResourceManager initializing. (class org.apache.velocity.runtime.resource.ResourceManagerImpl)
Tue Aug 31 23:06:32 CEST 2010  [debug] ResourceLoader instantiated: org.apache.velocity.runtime.resource.loader.JarResourceLoader
Tue Aug 31 23:06:32 CEST 2010  [trace] JarResourceLoader : initialization starting.
Tue Aug 31 23:06:32 CEST 2010  [debug] JarResourceLoader # of paths : 1
Tue Aug 31 23:06:32 CEST 2010  [debug] JarResourceLoader : trying to load "jar:file:/Users/niko/.m2/repository/org/codehaus/mojo/webstart/webstart-maven-plugin/1.0-beta-1/webstart-maven-plugin-1.0-beta-1.jar!/"
Tue Aug 31 23:06:32 CEST 2010  [debug] JarHolder: attempting to connect to jar:file:/Users/niko/.m2/repository/org/codehaus/mojo/webstart/webstart-maven-plugin/1.0-beta-1/webstart-maven-plugin-1.0-beta-1.jar!/
Tue Aug 31 23:06:32 CEST 2010  [debug] JarHolder: initialized JAR: jar:file:/Users/niko/.m2/repository/org/codehaus/mojo/webstart/webstart-maven-plugin/1.0-beta-1/webstart-maven-plugin-1.0-beta-1.jar!/
Tue Aug 31 23:06:32 CEST 2010  [trace] JarResourceLoader : initialization complete.
Tue Aug 31 23:06:32 CEST 2010  [debug] ResourceCache: initialized (class org.apache.velocity.runtime.resource.ResourceCacheImpl)
Tue Aug 31 23:06:32 CEST 2010  [trace] Default ResourceManager initialization complete.
Tue Aug 31 23:06:32 CEST 2010  [debug] Loaded System Directive: org.apache.velocity.runtime.directive.Literal
Tue Aug 31 23:06:32 CEST 2010  [debug] Loaded System Directive: org.apache.velocity.runtime.directive.Macro
Tue Aug 31 23:06:32 CEST 2010  [debug] Loaded System Directive: org.apache.velocity.runtime.directive.Parse
Tue Aug 31 23:06:32 CEST 2010  [debug] Loaded System Directive: org.apache.velocity.runtime.directive.Include
Tue Aug 31 23:06:32 CEST 2010  [debug] Loaded System Directive: org.apache.velocity.runtime.directive.Foreach
Tue Aug 31 23:06:32 CEST 2010  [debug] Created '20' parsers.
Tue Aug 31 23:06:32 CEST 2010  [trace] Velocimacro : initialization starting.
Tue Aug 31 23:06:32 CEST 2010  [debug] Velocimacro : "velocimacro.library" is not set.  Trying default library: VM_global_library.vm
Tue Aug 31 23:06:32 CEST 2010  [debug] Velocimacro : Default library not found.
Tue Aug 31 23:06:32 CEST 2010  [debug] Velocimacro : allowInline = true : VMs can be defined inline in templates
Tue Aug 31 23:06:32 CEST 2010  [debug] Velocimacro : allowInlineToOverride = false : VMs defined inline may NOT replace previous VM definitions
Tue Aug 31 23:06:32 CEST 2010  [debug] Velocimacro : allowInlineLocal = false : VMs defined inline will be global in scope if allowed.
Tue Aug 31 23:06:32 CEST 2010  [debug] Velocimacro : autoload off : VM system will not automatically reload global library macros
Tue Aug 31 23:06:32 CEST 2010  [trace] Velocimacro : Velocimacro : initialization complete.
Tue Aug 31 23:06:32 CEST 2010  [trace] RuntimeInstance successfully initialized.
Tue Aug 31 23:06:32 CEST 2010  [debug] ResourceManager : found default-jnlp-template.vm with loader org.apache.velocity.runtime.resource.loader.JarResourceLoader
